2024-12-02T21:34:04.923+08:00  INFO 33123 --- [employeemanagement] [           main] c.c.e.EmployeemanagementApplication      : Starting EmployeemanagementApplication using Java 17.0.12 with PID 33123 (/home/controller/Desktop/git/my-employee-app-be/target/classes started by controller in /home/controller/Desktop/git/my-employee-app-be)
2024-12-02T21:34:04.925+08:00  INFO 33123 --- [employeemanagement] [           main] c.c.e.EmployeemanagementApplication      : No active profile set, falling back to 1 default profile: "default"
2024-12-02T21:34:05.760+08:00  INFO 33123 --- [employeemanagement] [           main] .s.d.r.c.RepositoryConfigurationDelegate : Bootstrapping Spring Data JPA repositories in DEFAULT mode.
2024-12-02T21:34:05.832+08:00  INFO 33123 --- [employeemanagement] [           main] .s.d.r.c.RepositoryConfigurationDelegate : Finished Spring Data repository scanning in 62 ms. Found 1 JPA repository interface.
2024-12-02T21:34:06.503+08:00  INFO 33123 --- [employeemanagement] [           main] o.s.b.w.embedded.tomcat.TomcatWebServer  : Tomcat initialized with port 8083 (http)
2024-12-02T21:34:06.515+08:00  INFO 33123 --- [employeemanagement] [           main] o.apache.catalina.core.StandardService   : Starting service [Tomcat]
2024-12-02T21:34:06.515+08:00  INFO 33123 --- [employeemanagement] [           main] o.apache.catalina.core.StandardEngine    : Starting Servlet engine: [Apache Tomcat/10.1.19]
2024-12-02T21:34:06.579+08:00  INFO 33123 --- [employeemanagement] [           main] o.a.c.c.C.[Tomcat].[localhost].[/]       : Initializing Spring embedded WebApplicationContext
2024-12-02T21:34:06.579+08:00  INFO 33123 --- [employeemanagement] [           main] w.s.c.ServletWebServerApplicationContext : Root WebApplicationContext: initialization completed in 1594 ms
2024-12-02T21:34:06.770+08:00  INFO 33123 --- [employeemanagement] [           main] com.zaxxer.hikari.HikariDataSource       : HikariPool-1 - Starting...
2024-12-02T21:34:07.059+08:00  INFO 33123 --- [employeemanagement] [           main] com.zaxxer.hikari.pool.HikariPool        : HikariPool-1 - Added connection org.postgresql.jdbc.PgConnection@794f11cd
2024-12-02T21:34:07.061+08:00  INFO 33123 --- [employeemanagement] [           main] com.zaxxer.hikari.HikariDataSource       : HikariPool-1 - Start completed.
2024-12-02T21:34:07.101+08:00  INFO 33123 --- [employeemanagement] [           main] o.hibernate.jpa.internal.util.LogHelper  : HHH000204: Processing PersistenceUnitInfo [name: default]
2024-12-02T21:34:07.164+08:00  INFO 33123 --- [employeemanagement] [           main] org.hibernate.Version                    : HHH000412: Hibernate ORM core version 6.4.4.Final
2024-12-02T21:34:07.213+08:00  INFO 33123 --- [employeemanagement] [           main] o.h.c.internal.RegionFactoryInitiator    : HHH000026: Second-level cache disabled
2024-12-02T21:34:07.520+08:00  INFO 33123 --- [employeemanagement] [           main] o.s.o.j.p.SpringPersistenceUnitInfo      : No LoadTimeWeaver setup: ignoring JPA class transformer
2024-12-02T21:34:07.585+08:00  WARN 33123 --- [employeemanagement] [           main] org.hibernate.orm.deprecation            : HHH90000025: PostgreSQLDialect does not need to be specified explicitly using 'hibernate.dialect' (remove the property setting and it will be selected by default)
2024-12-02T21:34:08.433+08:00  INFO 33123 --- [employeemanagement] [           main] o.h.e.t.j.p.i.JtaPlatformInitiator       : HHH000489: No JTA platform available (set 'hibernate.transaction.jta.platform' to enable JTA platform integration)
2024-12-02T21:34:08.487+08:00  INFO 33123 --- [employeemanagement] [           main] j.LocalContainerEntityManagerFactoryBean : Initialized JPA EntityManagerFactory for persistence unit 'default'
2024-12-02T21:34:08.795+08:00  WARN 33123 --- [employeemanagement] [           main] JpaBaseConfiguration$JpaWebConfiguration : spring.jpa.open-in-view is enabled by default. Therefore, database queries may be performed during view rendering. Explicitly configure spring.jpa.open-in-view to disable this warning
2024-12-02T21:34:09.212+08:00  WARN 33123 --- [employeemanagement] [           main] ion$DefaultTemplateResolverConfiguration : Cannot find template location: classpath:/templates/ (please add some templates, check your Thymeleaf configuration, or set spring.thymeleaf.check-template-location=false)
2024-12-02T21:34:09.307+08:00  INFO 33123 --- [employeemanagement] [           main] o.s.b.w.embedded.tomcat.TomcatWebServer  : Tomcat started on port 8083 (http) with context path ''
2024-12-02T21:34:09.331+08:00  INFO 33123 --- [employeemanagement] [           main] c.c.e.EmployeemanagementApplication      : Started EmployeemanagementApplication in 5.213 seconds (process running for 5.784)
2024-12-02T21:34:18.560+08:00  INFO 33123 --- [employeemanagement] [ionShutdownHook] j.LocalContainerEntityManagerFactoryBean : Closing JPA EntityManagerFactory for persistence unit 'default'
2024-12-02T21:34:18.562+08:00  INFO 33123 --- [employeemanagement] [ionShutdownHook] com.zaxxer.hikari.HikariDataSource       : HikariPool-1 - Shutdown initiated...
2024-12-02T21:34:18.565+08:00  INFO 33123 --- [employeemanagement] [ionShutdownHook] com.zaxxer.hikari.HikariDataSource       : HikariPool-1 - Shutdown completed.
